2023-11-09 12:19:13,024 ERROR o.s.b.SpringApplication [restartedMain] Application run failed
java.lang.TypeNotPresentException: Type javax.servlet.http.HttpServletRequest not present
	at sun.reflect.generics.factory.CoreReflectionFactory.makeNamedType(CoreReflectionFactory.java:117) ~[?:?]
	at sun.reflect.generics.visitor.Reifier.visitClassTypeSignature(Reifier.java:125) ~[?:?]
	at sun.reflect.generics.tree.ClassTypeSignature.accept(ClassTypeSignature.java:49) ~[?:?]
	at sun.reflect.generics.visitor.Reifier.reifyTypeArguments(Reifier.java:68) ~[?:?]
	at sun.reflect.generics.visitor.Reifier.visitClassTypeSignature(Reifier.java:138) ~[?:?]
	at sun.reflect.generics.tree.ClassTypeSignature.accept(ClassTypeSignature.java:49) ~[?:?]
	at sun.reflect.generics.repository.ClassRepository.computeSuperInterfaces(ClassRepository.java:117) ~[?:?]
	at sun.reflect.generics.repository.ClassRepository.getSuperInterfaces(ClassRepository.java:95) ~[?:?]
	at java.lang.Class.getGenericInterfaces(Class.java:1211) ~[?:?]
	at org.springframework.core.ResolvableType.getInterfaces(ResolvableType.java:503) ~[spring-core-6.0.12.jar:6.0.12]
	at org.springframework.core.ResolvableType.as(ResolvableType.java:451) ~[spring-core-6.0.12.jar:6.0.12]
	at org.springframework.core.ResolvableType.forClass(ResolvableType.java:1063) ~[spring-core-6.0.12.jar:6.0.12]
	at org.springframework.plugin.core.config.PluginRegistriesBeanDefinitionRegistrar.getTargetType(PluginRegistriesBeanDefinitionRegistrar.java:101) ~[spring-plugin-core-2.0.0.RELEASE.jar:2.0.0.RELEASE]
	at org.springframework.plugin.core.config.PluginRegistriesBeanDefinitionRegistrar.registerBeanDefinitions(PluginRegistriesBeanDefinitionRegistrar.java:71) ~[spring-plugin-core-2.0.0.RELEASE.jar:2.0.0.RELEASE]
	at org.springframework.context.annotation.ImportBeanDefinitionRegistrar.registerBeanDefinitions(ImportBeanDefinitionRegistrar.java:86) ~[spring-context-6.0.12.jar:6.0.12]
	at org.springframework.context.annotation.ConfigurationClassBeanDefinitionReader.lambda$loadBeanDefinitionsFromRegistrars$1(ConfigurationClassBeanDefinitionReader.java:372) ~[spring-context-6.0.12.jar:6.0.12]
	at java.util.LinkedHashMap.forEach(LinkedHashMap.java:721) ~[?:?]
	at org.springframework.context.annotation.ConfigurationClassBeanDefinitionReader.loadBeanDefinitionsFromRegistrars(ConfigurationClassBeanDefinitionReader.java:371) ~[spring-context-6.0.12.jar:6.0.12]
	at org.springframework.context.annotation.ConfigurationClassBeanDefinitionReader.loadBeanDefinitionsForConfigurationClass(ConfigurationClassBeanDefinitionReader.java:148) ~[spring-context-6.0.12.jar:6.0.12]
	at org.springframework.context.annotation.ConfigurationClassBeanDefinitionReader.loadBeanDefinitions(ConfigurationClassBeanDefinitionReader.java:120) ~[spring-context-6.0.12.jar:6.0.12]
	at org.springframework.context.annotation.ConfigurationClassPostProcessor.processConfigBeanDefinitions(ConfigurationClassPostProcessor.java:427) ~[spring-context-6.0.12.jar:6.0.12]
	at org.springframework.context.annotation.ConfigurationClassPostProcessor.postProcessBeanDefinitionRegistry(ConfigurationClassPostProcessor.java:287) ~[spring-context-6.0.12.jar:6.0.12]
	at org.springframework.context.support.PostProcessorRegistrationDelegate.invokeBeanDefinitionRegistryPostProcessors(PostProcessorRegistrationDelegate.java:344) ~[spring-context-6.0.12.jar:6.0.12]
	at org.springframework.context.support.PostProcessorRegistrationDelegate.invokeBeanFactoryPostProcessors(PostProcessorRegistrationDelegate.java:115) ~[spring-context-6.0.12.jar:6.0.12]
	at org.springframework.context.support.AbstractApplicationContext.invokeBeanFactoryPostProcessors(AbstractApplicationContext.java:771) ~[spring-context-6.0.12.jar:6.0.12]
	at org.springframework.context.support.AbstractApplicationContext.refresh(AbstractApplicationContext.java:589) ~[spring-context-6.0.12.jar:6.0.12]
	at org.springframework.boot.web.servlet.context.ServletWebServerApplicationContext.refresh(ServletWebServerApplicationContext.java:146) ~[spring-boot-3.1.4.jar:3.1.4]
	at org.springframework.boot.SpringApplication.refresh(SpringApplication.java:737) [spring-boot-3.1.4.jar:3.1.4]
	at org.springframework.boot.SpringApplication.refreshContext(SpringApplication.java:439) [spring-boot-3.1.4.jar:3.1.4]
	at org.springframework.boot.SpringApplication.run(SpringApplication.java:315) [spring-boot-3.1.4.jar:3.1.4]
	at org.springframework.boot.SpringApplication.run(SpringApplication.java:1309) [spring-boot-3.1.4.jar:3.1.4]
	at org.springframework.boot.SpringApplication.run(SpringApplication.java:1298) [spring-boot-3.1.4.jar:3.1.4]
	at com.projecto.EmpleadoApplication.main(EmpleadoApplication.java:12) [classes/:?]
	at jdk.internal.reflect.NativeMethodAccessorImpl.invoke0(Native Method) ~[?:?]
	at jdk.internal.reflect.NativeMethodAccessorImpl.invoke(NativeMethodAccessorImpl.java:77) ~[?:?]
	at jdk.internal.reflect.DelegatingMethodAccessorImpl.invoke(DelegatingMethodAccessorImpl.java:43) ~[?:?]
	at java.lang.reflect.Method.invoke(Method.java:568) ~[?:?]
	at org.springframework.boot.devtools.restart.RestartLauncher.run(RestartLauncher.java:50) [spring-boot-devtools-3.1.4.jar:3.1.4]
Caused by: java.lang.ClassNotFoundException: javax.servlet.http.HttpServletRequest
	at jdk.internal.loader.BuiltinClassLoader.loadClass(BuiltinClassLoader.java:641) ~[?:?]
	at jdk.internal.loader.ClassLoaders$AppClassLoader.loadClass(ClassLoaders.java:188) ~[?:?]
	at java.lang.ClassLoader.loadClass(ClassLoader.java:520) ~[?:?]
	at java.lang.Class.forName0(Native Method) ~[?:?]
	at java.lang.Class.forName(Class.java:467) ~[?:?]
	at sun.reflect.generics.factory.CoreReflectionFactory.makeNamedType(CoreReflectionFactory.java:114) ~[?:?]
	... 37 more
2023-11-09 15:24:23,450 ERROR o.s.b.SpringApplication [restartedMain] Application run failed
java.lang.TypeNotPresentException: Type javax.servlet.http.HttpServletRequest not present
	at sun.reflect.generics.factory.CoreReflectionFactory.makeNamedType(CoreReflectionFactory.java:117) ~[?:?]
	at sun.reflect.generics.visitor.Reifier.visitClassTypeSignature(Reifier.java:125) ~[?:?]
	at sun.reflect.generics.tree.ClassTypeSignature.accept(ClassTypeSignature.java:49) ~[?:?]
	at sun.reflect.generics.visitor.Reifier.reifyTypeArguments(Reifier.java:68) ~[?:?]
	at sun.reflect.generics.visitor.Reifier.visitClassTypeSignature(Reifier.java:138) ~[?:?]
	at sun.reflect.generics.tree.ClassTypeSignature.accept(ClassTypeSignature.java:49) ~[?:?]
	at sun.reflect.generics.repository.ClassRepository.computeSuperInterfaces(ClassRepository.java:117) ~[?:?]
	at sun.reflect.generics.repository.ClassRepository.getSuperInterfaces(ClassRepository.java:95) ~[?:?]
	at java.lang.Class.getGenericInterfaces(Class.java:1211) ~[?:?]
	at org.springframework.core.ResolvableType.getInterfaces(ResolvableType.java:503) ~[spring-core-6.0.12.jar:6.0.12]
	at org.springframework.core.ResolvableType.as(ResolvableType.java:451) ~[spring-core-6.0.12.jar:6.0.12]
	at org.springframework.core.ResolvableType.forClass(ResolvableType.java:1063) ~[spring-core-6.0.12.jar:6.0.12]
	at org.springframework.plugin.core.config.PluginRegistriesBeanDefinitionRegistrar.getTargetType(PluginRegistriesBeanDefinitionRegistrar.java:101) ~[spring-plugin-core-2.0.0.RELEASE.jar:2.0.0.RELEASE]
	at org.springframework.plugin.core.config.PluginRegistriesBeanDefinitionRegistrar.registerBeanDefinitions(PluginRegistriesBeanDefinitionRegistrar.java:71) ~[spring-plugin-core-2.0.0.RELEASE.jar:2.0.0.RELEASE]
	at org.springframework.context.annotation.ImportBeanDefinitionRegistrar.registerBeanDefinitions(ImportBeanDefinitionRegistrar.java:86) ~[spring-context-6.0.12.jar:6.0.12]
	at org.springframework.context.annotation.ConfigurationClassBeanDefinitionReader.lambda$loadBeanDefinitionsFromRegistrars$1(ConfigurationClassBeanDefinitionReader.java:372) ~[spring-context-6.0.12.jar:6.0.12]
	at java.util.LinkedHashMap.forEach(LinkedHashMap.java:721) ~[?:?]
	at org.springframework.context.annotation.ConfigurationClassBeanDefinitionReader.loadBeanDefinitionsFromRegistrars(ConfigurationClassBeanDefinitionReader.java:371) ~[spring-context-6.0.12.jar:6.0.12]
	at org.springframework.context.annotation.ConfigurationClassBeanDefinitionReader.loadBeanDefinitionsForConfigurationClass(ConfigurationClassBeanDefinitionReader.java:148) ~[spring-context-6.0.12.jar:6.0.12]
	at org.springframework.context.annotation.ConfigurationClassBeanDefinitionReader.loadBeanDefinitions(ConfigurationClassBeanDefinitionReader.java:120) ~[spring-context-6.0.12.jar:6.0.12]
	at org.springframework.context.annotation.ConfigurationClassPostProcessor.processConfigBeanDefinitions(ConfigurationClassPostProcessor.java:427) ~[spring-context-6.0.12.jar:6.0.12]
	at org.springframework.context.annotation.ConfigurationClassPostProcessor.postProcessBeanDefinitionRegistry(ConfigurationClassPostProcessor.java:287) ~[spring-context-6.0.12.jar:6.0.12]
	at org.springframework.context.support.PostProcessorRegistrationDelegate.invokeBeanDefinitionRegistryPostProcessors(PostProcessorRegistrationDelegate.java:344) ~[spring-context-6.0.12.jar:6.0.12]
	at org.springframework.context.support.PostProcessorRegistrationDelegate.invokeBeanFactoryPostProcessors(PostProcessorRegistrationDelegate.java:115) ~[spring-context-6.0.12.jar:6.0.12]
	at org.springframework.context.support.AbstractApplicationContext.invokeBeanFactoryPostProcessors(AbstractApplicationContext.java:771) ~[spring-context-6.0.12.jar:6.0.12]
	at org.springframework.context.support.AbstractApplicationContext.refresh(AbstractApplicationContext.java:589) ~[spring-context-6.0.12.jar:6.0.12]
	at org.springframework.boot.web.servlet.context.ServletWebServerApplicationContext.refresh(ServletWebServerApplicationContext.java:146) ~[spring-boot-3.1.4.jar:3.1.4]
	at org.springframework.boot.SpringApplication.refresh(SpringApplication.java:737) [spring-boot-3.1.4.jar:3.1.4]
	at org.springframework.boot.SpringApplication.refreshContext(SpringApplication.java:439) [spring-boot-3.1.4.jar:3.1.4]
	at org.springframework.boot.SpringApplication.run(SpringApplication.java:315) [spring-boot-3.1.4.jar:3.1.4]
	at org.springframework.boot.SpringApplication.run(SpringApplication.java:1309) [spring-boot-3.1.4.jar:3.1.4]
	at org.springframework.boot.SpringApplication.run(SpringApplication.java:1298) [spring-boot-3.1.4.jar:3.1.4]
	at com.projecto.EmpleadoApplication.main(EmpleadoApplication.java:13) [classes/:?]
	at jdk.internal.reflect.NativeMethodAccessorImpl.invoke0(Native Method) ~[?:?]
	at jdk.internal.reflect.NativeMethodAccessorImpl.invoke(NativeMethodAccessorImpl.java:77) ~[?:?]
	at jdk.internal.reflect.DelegatingMethodAccessorImpl.invoke(DelegatingMethodAccessorImpl.java:43) ~[?:?]
	at java.lang.reflect.Method.invoke(Method.java:568) ~[?:?]
	at org.springframework.boot.devtools.restart.RestartLauncher.run(RestartLauncher.java:50) [spring-boot-devtools-3.1.4.jar:3.1.4]
Caused by: java.lang.ClassNotFoundException: javax.servlet.http.HttpServletRequest
	at jdk.internal.loader.BuiltinClassLoader.loadClass(BuiltinClassLoader.java:641) ~[?:?]
	at jdk.internal.loader.ClassLoaders$AppClassLoader.loadClass(ClassLoaders.java:188) ~[?:?]
	at java.lang.ClassLoader.loadClass(ClassLoader.java:520) ~[?:?]
	at java.lang.Class.forName0(Native Method) ~[?:?]
	at java.lang.Class.forName(Class.java:467) ~[?:?]
	at sun.reflect.generics.factory.CoreReflectionFactory.makeNamedType(CoreReflectionFactory.java:114) ~[?:?]
	... 37 more
2023-11-09 17:22:35,058 ERROR o.h.e.j.s.SqlExceptionHelper [http-nio-8080-exec-3] Duplicate entry '1' for key 'PRIMARY'
2023-11-09 17:22:35,068 ERROR o.a.c.c.C.[.[.[.[dispatcherServlet] [http-nio-8080-exec-3] Servlet.service() for servlet [dispatcherServlet] in context with path [] threw exception [Request processing failed; nested exception is org.springframework.dao.DataIntegrityViolationException: could not execute statement; SQL [n/a]; constraint [PRIMARY]; nested exception is org.hibernate.exception.ConstraintViolationException: could not execute statement] with root cause
java.sql.SQLIntegrityConstraintViolationException: Duplicate entry '1' for key 'PRIMARY'
	at com.mysql.cj.jdbc.exceptions.SQLError.createSQLException(SQLError.java:117) ~[mysql-connector-java-8.0.19.jar:8.0.19]
	at com.mysql.cj.jdbc.exceptions.SQLError.createSQLException(SQLError.java:97) ~[mysql-connector-java-8.0.19.jar:8.0.19]
	at com.mysql.cj.jdbc.exceptions.SQLExceptionsMapping.translateException(SQLExceptionsMapping.java:122) ~[mysql-connector-java-8.0.19.jar:8.0.19]
	at com.mysql.cj.jdbc.ClientPreparedStatement.executeInternal(ClientPreparedStatement.java:953) ~[mysql-connector-java-8.0.19.jar:8.0.19]
	at com.mysql.cj.jdbc.ClientPreparedStatement.executeUpdateInternal(ClientPreparedStatement.java:1092) ~[mysql-connector-java-8.0.19.jar:8.0.19]
	at com.mysql.cj.jdbc.ClientPreparedStatement.executeUpdateInternal(ClientPreparedStatement.java:1040) ~[mysql-connector-java-8.0.19.jar:8.0.19]
	at com.mysql.cj.jdbc.ClientPreparedStatement.executeLargeUpdate(ClientPreparedStatement.java:1347) ~[mysql-connector-java-8.0.19.jar:8.0.19]
	at com.mysql.cj.jdbc.ClientPreparedStatement.executeUpdate(ClientPreparedStatement.java:1025) ~[mysql-connector-java-8.0.19.jar:8.0.19]
	at com.zaxxer.hikari.pool.ProxyPreparedStatement.executeUpdate(ProxyPreparedStatement.java:61) ~[HikariCP-4.0.3.jar:?]
	at com.zaxxer.hikari.pool.HikariProxyPreparedStatement.executeUpdate(HikariProxyPreparedStatement.java) ~[HikariCP-4.0.3.jar:?]
	at org.hibernate.engine.jdbc.internal.ResultSetReturnImpl.executeUpdate(ResultSetReturnImpl.java:197) ~[hibernate-core-5.4.32.Final.jar:5.4.32.Final]
	at org.hibernate.persister.entity.AbstractEntityPersister.insert(AbstractEntityPersister.java:3298) ~[hibernate-core-5.4.32.Final.jar:5.4.32.Final]
	at org.hibernate.persister.entity.AbstractEntityPersister.insert(AbstractEntityPersister.java:3825) ~[hibernate-core-5.4.32.Final.jar:5.4.32.Final]
	at org.hibernate.action.internal.EntityInsertAction.execute(EntityInsertAction.java:107) ~[hibernate-core-5.4.32.Final.jar:5.4.32.Final]
	at org.hibernate.engine.spi.ActionQueue.executeActions(ActionQueue.java:604) ~[hibernate-core-5.4.32.Final.jar:5.4.32.Final]
	at org.hibernate.engine.spi.ActionQueue.lambda$executeActions$1(ActionQueue.java:478) ~[hibernate-core-5.4.32.Final.jar:5.4.32.Final]
	at java.util.LinkedHashMap.forEach(LinkedHashMap.java:684) ~[?:?]
	at org.hibernate.engine.spi.ActionQueue.executeActions(ActionQueue.java:475) ~[hibernate-core-5.4.32.Final.jar:5.4.32.Final]
	at org.hibernate.event.internal.AbstractFlushingEventListener.performExecutions(AbstractFlushingEventListener.java:344) ~[hibernate-core-5.4.32.Final.jar:5.4.32.Final]
	at org.hibernate.event.internal.DefaultFlushEventListener.onFlush(DefaultFlushEventListener.java:40) ~[hibernate-core-5.4.32.Final.jar:5.4.32.Final]
	at org.hibernate.event.service.internal.EventListenerGroupImpl.fireEventOnEachListener(EventListenerGroupImpl.java:99) ~[hibernate-core-5.4.32.Final.jar:5.4.32.Final]
	at org.hibernate.internal.SessionImpl.doFlush(SessionImpl.java:1362) ~[hibernate-core-5.4.32.Final.jar:5.4.32.Final]
	at org.hibernate.internal.SessionImpl.managedFlush(SessionImpl.java:453) ~[hibernate-core-5.4.32.Final.jar:5.4.32.Final]
	at org.hibernate.internal.SessionImpl.flushBeforeTransactionCompletion(SessionImpl.java:3212) ~[hibernate-core-5.4.32.Final.jar:5.4.32.Final]
	at org.hibernate.internal.SessionImpl.beforeTransactionCompletion(SessionImpl.java:2380) ~[hibernate-core-5.4.32.Final.jar:5.4.32.Final]
	at org.hibernate.engine.jdbc.internal.JdbcCoordinatorImpl.beforeTransactionCompletion(JdbcCoordinatorImpl.java:448) ~[hibernate-core-5.4.32.Final.jar:5.4.32.Final]
	at org.hibernate.resource.transaction.backend.jdbc.internal.JdbcResourceLocalTransactionCoordinatorImpl.beforeCompletionCallback(JdbcResourceLocalTransactionCoordinatorImpl.java:183) ~[hibernate-core-5.4.32.Final.jar:5.4.32.Final]
	at org.hibernate.resource.transaction.backend.jdbc.internal.JdbcResourceLocalTransactionCoordinatorImpl.access$300(JdbcResourceLocalTransactionCoordinatorImpl.java:40) ~[hibernate-core-5.4.32.Final.jar:5.4.32.Final]
	at org.hibernate.resource.transaction.backend.jdbc.internal.JdbcResourceLocalTransactionCoordinatorImpl$TransactionDriverControlImpl.commit(JdbcResourceLocalTransactionCoordinatorImpl.java:281) ~[hibernate-core-5.4.32.Final.jar:5.4.32.Final]
	at org.hibernate.engine.transaction.internal.TransactionImpl.commit(TransactionImpl.java:101) ~[hibernate-core-5.4.32.Final.jar:5.4.32.Final]
	at org.springframework.orm.jpa.JpaTransactionManager.doCommit(JpaTransactionManager.java:562) ~[spring-orm-5.3.10.jar:5.3.10]
	at org.springframework.transaction.support.AbstractPlatformTransactionManager.processCommit(AbstractPlatformTransactionManager.java:743) ~[spring-tx-5.3.10.jar:5.3.10]
	at org.springframework.transaction.support.AbstractPlatformTransactionManager.commit(AbstractPlatformTransactionManager.java:711) ~[spring-tx-5.3.10.jar:5.3.10]
	at org.springframework.transaction.interceptor.TransactionAspectSupport.commitTransactionAfterReturning(TransactionAspectSupport.java:654) ~[spring-tx-5.3.10.jar:5.3.10]
	at org.springframework.transaction.interceptor.TransactionAspectSupport.invokeWithinTransaction(TransactionAspectSupport.java:407) ~[spring-tx-5.3.10.jar:5.3.10]
	at org.springframework.transaction.interceptor.TransactionInterceptor.invoke(TransactionInterceptor.java:119) ~[spring-tx-5.3.10.jar:5.3.10]
	at org.springframework.aop.framework.ReflectiveMethodInvocation.proceed(ReflectiveMethodInvocation.java:186) ~[spring-aop-5.3.10.jar:5.3.10]
	at org.springframework.dao.support.PersistenceExceptionTranslationInterceptor.invoke(PersistenceExceptionTranslationInterceptor.java:137) ~[spring-tx-5.3.10.jar:5.3.10]
	at org.springframework.aop.framework.ReflectiveMethodInvocation.proceed(ReflectiveMethodInvocation.java:186) ~[spring-aop-5.3.10.jar:5.3.10]
	at org.springframework.data.jpa.repository.support.CrudMethodMetadataPostProcessor$CrudMethodMetadataPopulatingMethodInterceptor.invoke(CrudMethodMetadataPostProcessor.java:174) ~[spring-data-jpa-2.5.5.jar:2.5.5]
	at org.springframework.aop.framework.ReflectiveMethodInvocation.proceed(ReflectiveMethodInvocation.java:186) ~[spring-aop-5.3.10.jar:5.3.10]
	at org.springframework.aop.interceptor.ExposeInvocationInterceptor.invoke(ExposeInvocationInterceptor.java:97) ~[spring-aop-5.3.10.jar:5.3.10]
	at org.springframework.aop.framework.ReflectiveMethodInvocation.proceed(ReflectiveMethodInvocation.java:186) ~[spring-aop-5.3.10.jar:5.3.10]
	at org.springframework.aop.framework.JdkDynamicAopProxy.invoke(JdkDynamicAopProxy.java:215) ~[spring-aop-5.3.10.jar:5.3.10]
	at com.sun.proxy.$Proxy113.saveAll(Unknown Source) ~[?:?]
	at com.projecto.service.EmpleadoServiceImp.registrarEmpleado(EmpleadoServiceImp.java:26) ~[classes/:?]
	at com.projecto.controllers.EmpleadoController.registrarEmpleado(EmpleadoController.java:63) ~[classes/:?]
	at jdk.internal.reflect.NativeMethodAccessorImpl.invoke0(Native Method) ~[?:?]
	at jdk.internal.reflect.NativeMethodAccessorImpl.invoke(NativeMethodAccessorImpl.java:62) ~[?:?]
	at jdk.internal.reflect.DelegatingMethodAccessorImpl.invoke(DelegatingMethodAccessorImpl.java:43) ~[?:?]
	at java.lang.reflect.Method.invoke(Method.java:566) ~[?:?]
	at org.springframework.web.method.support.InvocableHandlerMethod.doInvoke(InvocableHandlerMethod.java:205) ~[spring-web-5.3.10.jar:5.3.10]
	at org.springframework.web.method.support.InvocableHandlerMethod.invokeForRequest(InvocableHandlerMethod.java:150) ~[spring-web-5.3.10.jar:5.3.10]
	at org.springframework.web.servlet.mvc.method.annotation.ServletInvocableHandlerMethod.invokeAndHandle(ServletInvocableHandlerMethod.java:117) ~[spring-webmvc-5.3.10.jar:5.3.10]
	at org.springframework.web.servlet.mvc.method.annotation.RequestMappingHandlerAdapter.invokeHandlerMethod(RequestMappingHandlerAdapter.java:895) ~[spring-webmvc-5.3.10.jar:5.3.10]
	at org.springframework.web.servlet.mvc.method.annotation.RequestMappingHandlerAdapter.handleInternal(RequestMappingHandlerAdapter.java:808) ~[spring-webmvc-5.3.10.jar:5.3.10]
	at org.springframework.web.servlet.mvc.method.AbstractHandlerMethodAdapter.handle(AbstractHandlerMethodAdapter.java:87) ~[spring-webmvc-5.3.10.jar:5.3.10]
	at org.springframework.web.servlet.DispatcherServlet.doDispatch(DispatcherServlet.java:1067) ~[spring-webmvc-5.3.10.jar:5.3.10]
	at org.springframework.web.servlet.DispatcherServlet.doService(DispatcherServlet.java:963) ~[spring-webmvc-5.3.10.jar:5.3.10]
	at org.springframework.web.servlet.FrameworkServlet.processRequest(FrameworkServlet.java:1006) ~[spring-webmvc-5.3.10.jar:5.3.10]
	at org.springframework.web.servlet.FrameworkServlet.doPost(FrameworkServlet.java:909) ~[spring-webmvc-5.3.10.jar:5.3.10]
	at javax.servlet.http.HttpServlet.service(HttpServlet.java:681) ~[tomcat-embed-core-9.0.53.jar:4.0.FR]
	at org.springframework.web.servlet.FrameworkServlet.service(FrameworkServlet.java:883) ~[spring-webmvc-5.3.10.jar:5.3.10]
	at javax.servlet.http.HttpServlet.service(HttpServlet.java:764) ~[tomcat-embed-core-9.0.53.jar:4.0.FR]
	at org.apache.catalina.core.ApplicationFilterChain.internalDoFilter(ApplicationFilterChain.java:227) ~[tomcat-embed-core-9.0.53.jar:9.0.53]
	at org.apache.catalina.core.ApplicationFilterChain.doFilter(ApplicationFilterChain.java:162) ~[tomcat-embed-core-9.0.53.jar:9.0.53]
	at org.apache.tomcat.websocket.server.WsFilter.doFilter(WsFilter.java:53) ~[tomcat-embed-websocket-9.0.53.jar:9.0.53]
	at org.apache.catalina.core.ApplicationFilterChain.internalDoFilter(ApplicationFilterChain.java:189) ~[tomcat-embed-core-9.0.53.jar:9.0.53]
	at org.apache.catalina.core.ApplicationFilterChain.doFilter(ApplicationFilterChain.java:162) ~[tomcat-embed-core-9.0.53.jar:9.0.53]
	at org.springframework.web.filter.RequestContextFilter.doFilterInternal(RequestContextFilter.java:100) ~[spring-web-5.3.10.jar:5.3.10]
	at org.springframework.web.filter.OncePerRequestFilter.doFilter(OncePerRequestFilter.java:119) ~[spring-web-5.3.10.jar:5.3.10]
	at org.apache.catalina.core.ApplicationFilterChain.internalDoFilter(ApplicationFilterChain.java:189) ~[tomcat-embed-core-9.0.53.jar:9.0.53]
	at org.apache.catalina.core.ApplicationFilterChain.doFilter(ApplicationFilterChain.java:162) ~[tomcat-embed-core-9.0.53.jar:9.0.53]
	at org.springframework.web.filter.FormContentFilter.doFilterInternal(FormContentFilter.java:93) ~[spring-web-5.3.10.jar:5.3.10]
	at org.springframework.web.filter.OncePerRequestFilter.doFilter(OncePerRequestFilter.java:119) ~[spring-web-5.3.10.jar:5.3.10]
	at org.apache.catalina.core.ApplicationFilterChain.internalDoFilter(ApplicationFilterChain.java:189) ~[tomcat-embed-core-9.0.53.jar:9.0.53]
	at org.apache.catalina.core.ApplicationFilterChain.doFilter(ApplicationFilterChain.java:162) ~[tomcat-embed-core-9.0.53.jar:9.0.53]
	at org.springframework.web.filter.CharacterEncodingFilter.doFilterInternal(CharacterEncodingFilter.java:201) ~[spring-web-5.3.10.jar:5.3.10]
	at org.springframework.web.filter.OncePerRequestFilter.doFilter(OncePerRequestFilter.java:119) ~[spring-web-5.3.10.jar:5.3.10]
	at org.apache.catalina.core.ApplicationFilterChain.internalDoFilter(ApplicationFilterChain.java:189) ~[tomcat-embed-core-9.0.53.jar:9.0.53]
	at org.apache.catalina.core.ApplicationFilterChain.doFilter(ApplicationFilterChain.java:162) ~[tomcat-embed-core-9.0.53.jar:9.0.53]
	at org.apache.catalina.core.StandardWrapperValve.invoke(StandardWrapperValve.java:197) [tomcat-embed-core-9.0.53.jar:9.0.53]
	at org.apache.catalina.core.StandardContextValve.invoke(StandardContextValve.java:97) [tomcat-embed-core-9.0.53.jar:9.0.53]
	at org.apache.catalina.authenticator.AuthenticatorBase.invoke(AuthenticatorBase.java:540) [tomcat-embed-core-9.0.53.jar:9.0.53]
	at org.apache.catalina.core.StandardHostValve.invoke(StandardHostValve.java:135) [tomcat-embed-core-9.0.53.jar:9.0.53]
	at org.apache.catalina.valves.ErrorReportValve.invoke(ErrorReportValve.java:92) [tomcat-embed-core-9.0.53.jar:9.0.53]
	at org.apache.catalina.core.StandardEngineValve.invoke(StandardEngineValve.java:78) [tomcat-embed-core-9.0.53.jar:9.0.53]
	at org.apache.catalina.connector.CoyoteAdapter.service(CoyoteAdapter.java:357) [tomcat-embed-core-9.0.53.jar:9.0.53]
	at org.apache.coyote.http11.Http11Processor.service(Http11Processor.java:382) [tomcat-embed-core-9.0.53.jar:9.0.53]
	at org.apache.coyote.AbstractProcessorLight.process(AbstractProcessorLight.java:65) [tomcat-embed-core-9.0.53.jar:9.0.53]
	at org.apache.coyote.AbstractProtocol$ConnectionHandler.process(AbstractProtocol.java:893) [tomcat-embed-core-9.0.53.jar:9.0.53]
	at org.apache.tomcat.util.net.NioEndpoint$SocketProcessor.doRun(NioEndpoint.java:1726) [tomcat-embed-core-9.0.53.jar:9.0.53]
	at org.apache.tomcat.util.net.SocketProcessorBase.run(SocketProcessorBase.java:49) [tomcat-embed-core-9.0.53.jar:9.0.53]
	at org.apache.tomcat.util.threads.ThreadPoolExecutor.runWorker(ThreadPoolExecutor.java:1191) [tomcat-embed-core-9.0.53.jar:9.0.53]
	at org.apache.tomcat.util.threads.ThreadPoolExecutor$Worker.run(ThreadPoolExecutor.java:659) [tomcat-embed-core-9.0.53.jar:9.0.53]
	at org.apache.tomcat.util.threads.TaskThread$WrappingRunnable.run(TaskThread.java:61) [tomcat-embed-core-9.0.53.jar:9.0.53]
	at java.lang.Thread.run(Thread.java:834) [?:?]
